C51 COMPILER V9.60.7.0   FAN_CTL                                                           06/24/2026 14:07:10 PAGE 1   


C51 COMPILER V9.60.7.0, COMPILATION OF MODULE FAN_CTL
OBJECT MODULE PLACED IN .\Release\Objects\fan_ctl.obj
COMPILER INVOKED BY: C:\Keil_v5\C51\BIN\C51.EXE ..\..\User\fan_ctl.c LARGE OPTIMIZE(9,SIZE) BROWSE INTVECTOR(0X000C) INC
                    -DIR(..\..\Libraries\Include;..\..\User) INTERVAL(3) DEBUG OBJECTEXTEND PRINT(.\Release\Listings\fan_ctl.lst) OBJECT(.\Re
                    -lease\Objects\fan_ctl.obj)

line level    source

   1          #include "fan_ctl.h"
   2          
   3          void fan_ctl_config(void)
   4          {
   5   1          // 初始化控制风扇开关的引脚：
   6   1          P1_MD0 &= ~(GPIO_P12_MODE_SEL(0x3));
   7   1          P1_MD0 |= (GPIO_P12_MODE_SEL(0x1)); // 输出模式
   8   1          FOUT_S12 = GPIO_FOUT_AF_FUNC;       // 选择AF功能输出
   9   1      
  10   1          P12 = 0; // 低电平，表示开启风扇
  11   1      }
  12          
  13          //
  14          void fan_ctl(void)
  15          {
  16   1          // 如果两路PWM都低于 10%， 控制脚 输出高电平
  17   1          if (cur_pwm_channel_0_duty < ((u16)MAX_PWM_DUTY * 10 / 100) &&
  18   1              cur_pwm_channel_1_duty < ((u16)MAX_PWM_DUTY * 10 / 100))
  19   1          {
  20   2              P12 = 1; // 高电平，表示关闭风扇
  21   2          }
  22   1          // else if (cur_pwm_channel_0_duty >= ((u16)MAX_PWM_DUTY * 15 / 100) ||
  23   1          //          cur_pwm_channel_1_duty >= ((u16)MAX_PWM_DUTY * 15 / 100))
  24   1          else
  25   1          { 
  26   2              /* 如果有一路PWM大于10%占空比 */
  27   2              P12 = 0; // 低电平，表示开启风扇
  28   2          }
  29   1      }


MODULE INFORMATION:   STATIC OVERLAYABLE
   CODE SIZE        =     54    ----
   CONSTANT SIZE    =   ----    ----
   XDATA SIZE       =   ----    ----
   PDATA SIZE       =   ----    ----
   DATA SIZE        =   ----    ----
   IDATA SIZE       =   ----    ----
   BIT SIZE         =   ----    ----
END OF MODULE INFORMATION.


C51 COMPILATION COMPLETE.  0 WARNING(S),  0 ERROR(S)
